<?xml version="1.0" encoding="UTF-8"?>
<testng-results ignored="0" total="1" passed="1" failed="0" skipped="0">
  <reporter-output>
  </reporter-output>
  <suite started-at="2024-09-10T16:50:51 IST" name="Suite" finished-at="2024-09-10T16:50:54 IST" duration-ms="3383">
    <groups>
    </groups>
    <test started-at="2024-09-10T16:50:51 IST" name="Test" finished-at="2024-09-10T16:50:54 IST" duration-ms="3383">
      <class name="TESTRUNNER.APIRunner">
        <test-method is-config="true" signature="setup()[pri:0, instance:TESTRUNNER.APIRunner@6ab778a]" started-at="2024-09-10T16:50:51 IST" name="setup" finished-at="2024-09-10T16:50:51 IST" duration-ms="49" status="PASS">
          <reporter-output>
          </reporter-output>
        </test-method> <!-- setup -->
        <test-method signature="TestRun(java.lang.String)[pri:0, instance:TESTRUNNER.APIRunner@6ab778a]" started-at="2024-09-10T16:50:51 IST" name="TestRun" data-provider="Authentication" finished-at="2024-09-10T16:50:53 IST" duration-ms="2047" status="PASS">
          <params>
            <param index="0">
              <value>
                <![CDATA[TC_01]]>
              </value>
            </param>
          </params>
          <reporter-output>
          </reporter-output>
        </test-method> <!-- TestRun -->
        <test-method is-config="true" signature="Report(org.testng.ITestResult)[pri:0, instance:TESTRUNNER.APIRunner@6ab778a]" started-at="2024-09-10T16:50:54 IST" name="Report" finished-at="2024-09-10T16:50:54 IST" duration-ms="369" status="PASS">
          <params>
            <param index="0">
              <value>
                <![CDATA[[TestResult name=TestRun status=SUCCESS method=APIRunner.TestRun(java.lang.String)[pri:0, instance:TESTRUNNER.APIRunner@6ab778a] output={null}]]]>
              </value>
            </param>
          </params>
          <reporter-output>
          </reporter-output>
        </test-method> <!-- Report -->
      </class> <!-- TESTRUNNER.APIRunner -->
    </test> <!-- Test -->
  </suite> <!-- Suite -->
</testng-results>
