<?xml version="1.0" encoding="UTF-8"?>
<testng-results ignored="0" total="1" passed="1" failed="0" skipped="0">
  <reporter-output>
  </reporter-output>
  <suite started-at="2024-12-29T12:41:21 IST" name="Default suite" finished-at="2024-12-29T12:41:24 IST" duration-ms="3389">
    <groups>
    </groups>
    <test started-at="2024-12-29T12:41:21 IST" name="Default test" finished-at="2024-12-29T12:41:24 IST" duration-ms="3389">
      <class name="TESTRUNNER.APIRunner">
        <test-method is-config="true" signature="preconditions()[pri:0, instance:TESTRUNNER.APIRunner@5c80cf32]" started-at="2024-12-29T12:41:21 IST" name="preconditions" finished-at="2024-12-29T12:41:21 IST" duration-ms="60" status="PASS">
          <reporter-output>
          </reporter-output>
        </test-method> <!-- preconditions -->
        <test-method signature="TestRun(java.lang.String)[pri:0, instance:TESTRUNNER.APIRunner@5c80cf32]" started-at="2024-12-29T12:41:21 IST" name="TestRun" data-provider="Authentication" finished-at="2024-12-29T12:41:24 IST" duration-ms="2404" status="PASS">
          <params>
            <param index="0">
              <value>
                <![CDATA[TC_02]]>
              </value>
            </param>
          </params>
          <reporter-output>
          </reporter-output>
        </test-method> <!-- TestRun -->
        <test-method is-config="true" signature="Report(org.testng.ITestResult)[pri:0, instance:TESTRUNNER.APIRunner@5c80cf32]" started-at="2024-12-29T12:41:24 IST" name="Report" finished-at="2024-12-29T12:41:24 IST" duration-ms="355" status="PASS">
          <params>
            <param index="0">
              <value>
                <![CDATA[[TestResult name=TestRun status=SUCCESS method=APIRunner.TestRun(java.lang.String)[pri:0, instance:TESTRUNNER.APIRunner@5c80cf32] output={null}]]]>
              </value>
            </param>
          </params>
          <reporter-output>
          </reporter-output>
        </test-method> <!-- Report -->
      </class> <!-- TESTRUNNER.APIRunner -->
    </test> <!-- Default test -->
  </suite> <!-- Default suite -->
</testng-results>
